<?xml version="1.0" encoding="utf-8"?>
<TestRun id="1da50a2a-54b3-4f75-b014-232916838c2c" name="@fastdev 2025-07-25 17:40:45" xmlns="http://microsoft.com/schemas/VisualStudio/TeamTest/2010">
  <Times creation="2025-07-25T17:40:45.5206836+02:00" queuing="2025-07-25T17:40:45.5206837+02:00" start="2025-07-25T17:40:44.6448223+02:00" finish="2025-07-25T17:40:45.5267104+02:00" />
  <TestSettings name="default" id="3c73ec5d-f3ef-4a1d-b3ce-63d1eae3323d">
    <Deployment runDeploymentRoot="_fastdev_2025-07-25_17_40_45" />
  </TestSettings>
  <Results>
    <UnitTestResult executionId="3491377c-06b6-49f0-8f71-59293e05981e" testId="64edd2a4-ee52-d152-2ed9-cba03071eec2" testName="dejting_yarp.Tests.UnitTest1.Test1" computerName="fastdev" duration="00:00:00.0026297" startTime="2025-07-25T17:40:45.3597377+02:00" endTime="2025-07-25T17:40:45.3700080+02:00" testType="13cdc9d9-ddb5-4fa4-a97d-d965ccfc6d4b" outcome="Passed" testListId="8c84fa94-04c1-424b-9868-57a2d4851a1d" relativeResultsDirectory="3491377c-06b6-49f0-8f71-59293e05981e" />
    <UnitTestResult executionId="a5627055-2cc8-4411-a591-e361bc4d078b" testId="2435418b-b21d-e61f-c549-c731baff79b6" testName="dejting_yarp.Tests.SimpleTests.TestTrueIsTrue" computerName="fastdev" duration="00:00:00.0028909" startTime="2025-07-25T17:40:45.3582196+02:00" endTime="2025-07-25T17:40:45.3739116+02:00" testType="13cdc9d9-ddb5-4fa4-a97d-d965ccfc6d4b" outcome="Passed" testListId="8c84fa94-04c1-424b-9868-57a2d4851a1d" relativeResultsDirectory="a5627055-2cc8-4411-a591-e361bc4d078b" />
  </Results>
  <TestDefinitions>
    <UnitTest name="dejting_yarp.Tests.SimpleTests.TestTrueIsTrue" storage="/home/m/development/datingapp/dejting-yarp/src/dejting-yarp.tests/bin/debug/net8.0/dejting-yarp.tests.dll" id="2435418b-b21d-e61f-c549-c731baff79b6">
      <Execution id="a5627055-2cc8-4411-a591-e361bc4d078b" />
      <TestMethod codeBase="/home/m/development/DatingApp/dejting-yarp/src/dejting-yarp.Tests/bin/Debug/net8.0/dejting-yarp.Tests.dll" adapterTypeName="executor://xunit/VsTestRunner3/netcore/" className="dejting_yarp.Tests.SimpleTests" name="TestTrueIsTrue" />
    </UnitTest>
    <UnitTest name="dejting_yarp.Tests.UnitTest1.Test1" storage="/home/m/development/datingapp/dejting-yarp/src/dejting-yarp.tests/bin/debug/net8.0/dejting-yarp.tests.dll" id="64edd2a4-ee52-d152-2ed9-cba03071eec2">
      <Execution id="3491377c-06b6-49f0-8f71-59293e05981e" />
      <TestMethod codeBase="/home/m/development/DatingApp/dejting-yarp/src/dejting-yarp.Tests/bin/Debug/net8.0/dejting-yarp.Tests.dll" adapterTypeName="executor://xunit/VsTestRunner3/netcore/" className="dejting_yarp.Tests.UnitTest1" name="Test1" />
    </UnitTest>
  </TestDefinitions>
  <TestEntries>
    <TestEntry testId="64edd2a4-ee52-d152-2ed9-cba03071eec2" executionId="3491377c-06b6-49f0-8f71-59293e05981e" testListId="8c84fa94-04c1-424b-9868-57a2d4851a1d" />
    <TestEntry testId="2435418b-b21d-e61f-c549-c731baff79b6" executionId="a5627055-2cc8-4411-a591-e361bc4d078b" testListId="8c84fa94-04c1-424b-9868-57a2d4851a1d" />
  </TestEntries>
  <TestLists>
    <TestList name="Results Not in a List" id="8c84fa94-04c1-424b-9868-57a2d4851a1d" />
    <TestList name="All Loaded Results" id="19431567-8539-422a-85d7-44ee4e166bda" />
  </TestLists>
  <ResultSummary outcome="Completed">
    <Counters total="2" executed="2" passed="2" failed="0" error="0" timeout="0" aborted="0" inconclusive="0" passedButRunAborted="0" notRunnable="0" notExecuted="0" disconnected="0" warning="0" completed="0" inProgress="0" pending="0" />
    <Output>
      <StdOut>[xUnit.net 00:00:00.00] xUnit.net VSTest Adapter v3.0.2+dd36e86129 (64-bit .NET 8.0.17)
[xUnit.net 00:00:00.08]   Discovering: dejting-yarp.Tests
[xUnit.net 00:00:00.11]   Discovered:  dejting-yarp.Tests
[xUnit.net 00:00:00.14]   Starting:    dejting-yarp.Tests
[xUnit.net 00:00:00.19]   Finished:    dejting-yarp.Tests
</StdOut>
    </Output>
  </ResultSummary>
</TestRun>